Arguments: 
  /usr/local/bin/node /opt/yarn/bin/yarn.js add -D @angular/cli

PATH: 
  /usr/local/sbin:/usr/local/bin:/usr/sbin:/usr/bin:/sbin:/bin

Yarn version: 
  0.24.6

Node version: 
  8.0.0

Platform: 
  linux x64

npm manifest: 
  {
    "name": "local",
    "version": "1.0.0",
    "main": "index.js",
    "license": "MIT",
    "devDependencies": {},
    "dependencies": {}
  }

yarn manifest: 
  No manifest

Lockfile: 
  # THIS IS AN AUTOGENERATED FILE. DO NOT EDIT THIS FILE DIRECTLY.
  # yarn lockfile v1

Trace: 
  Error: https://registry.yarnpkg.com/@angular/cli/-/cli-1.2.6.tgz: Request failed "503 Service Unavailable"
      at Request.handleRequestError (/opt/yarn/lib/yarn-cli.js:54448:20)
      at emitOne (events.js:115:13)
      at Request.emit (events.js:210:7)
      at Request.onRequestResponse (/opt/yarn/lib/yarn-cli.js:108740:10)
      at emitOne (events.js:115:13)
      at ClientRequest.emit (events.js:210:7)
      at HTTPParser.parserOnIncomingClient (_http_client.js:563:21)
      at HTTPParser.parserOnHeadersComplete (_http_common.js:116:23)
      at TLSSocket.socketOnData (_http_client.js:452:20)
      at emitOne (events.js:115:13)
      at TLSSocket.emit (events.js:210:7)
